<?xml version="1.0" encoding="UTF-8"?><testrun name="Rerun ValidatorTest" project="Tienda" tests="15" started="15" failures="0" errors="1" ignored="0">
  <testsuite name="es.rf.tienda.util.ValidatorTest" time="0.024" displayname="ValidatorTest" uniqueid="[engine:junit-jupiter]/[class:es.rf.tienda.util.ValidatorTest]">
    <testcase name="testIsAlfanumeric" classname="es.rf.tienda.util.ValidatorTest" time="0.0" displayname="testIsAlfanumeric()" uniqueid="[engine:junit-jupiter]/[class:es.rf.tienda.util.ValidatorTest]/[method:testIsAlfanumeric()]"/>
    <testcase name="testCumpleLongitud" classname="es.rf.tienda.util.ValidatorTest" time="0.0" displayname="testCumpleLongitud()" uniqueid="[engine:junit-jupiter]/[class:es.rf.tienda.util.ValidatorTest]/[method:testCumpleLongitud()]"/>
    <testcase name="testIsEmailValido" classname="es.rf.tienda.util.ValidatorTest" time="0.0" displayname="testIsEmailValido()" uniqueid="[engine:junit-jupiter]/[class:es.rf.tienda.util.ValidatorTest]/[method:testIsEmailValido()]"/>
    <testcase name="testCumplePhoneNumber" classname="es.rf.tienda.util.ValidatorTest" time="0.0" displayname="testCumplePhoneNumber()" uniqueid="[engine:junit-jupiter]/[class:es.rf.tienda.util.ValidatorTest]/[method:testCumplePhoneNumber()]"/>
    <testcase name="testCumpleLongitudMax" classname="es.rf.tienda.util.ValidatorTest" time="0.001" displayname="testCumpleLongitudMax()" uniqueid="[engine:junit-jupiter]/[class:es.rf.tienda.util.ValidatorTest]/[method:testCumpleLongitudMax()]"/>
    <testcase name="testCumpleLongitudMin" classname="es.rf.tienda.util.ValidatorTest" time="0.0" displayname="testCumpleLongitudMin()" uniqueid="[engine:junit-jupiter]/[class:es.rf.tienda.util.ValidatorTest]/[method:testCumpleLongitudMin()]"/>
    <testcase name="testCumpleRangoDoubleIntInt" classname="es.rf.tienda.util.ValidatorTest" time="0.0" displayname="testCumpleRangoDoubleIntInt()" uniqueid="[engine:junit-jupiter]/[class:es.rf.tienda.util.ValidatorTest]/[method:testCumpleRangoDoubleIntInt()]"/>
    <testcase name="testEsFechaValidaStringString" classname="es.rf.tienda.util.ValidatorTest" time="0.008" displayname="testEsFechaValidaStringString()" uniqueid="[engine:junit-jupiter]/[class:es.rf.tienda.util.ValidatorTest]/[method:testEsFechaValidaStringString()]"/>
    <testcase name="testEsPasswordValida" classname="es.rf.tienda.util.ValidatorTest" time="0.001" displayname="testEsPasswordValida()" uniqueid="[engine:junit-jupiter]/[class:es.rf.tienda.util.ValidatorTest]/[method:testEsPasswordValida()]"/>
    <testcase name="testEsFechaValidaString" classname="es.rf.tienda.util.ValidatorTest" time="0.001" displayname="testEsFechaValidaString()" uniqueid="[engine:junit-jupiter]/[class:es.rf.tienda.util.ValidatorTest]/[method:testEsFechaValidaString()]"/>
    <testcase name="testCumpleRangoIntIntInt" classname="es.rf.tienda.util.ValidatorTest" time="0.0" displayname="testCumpleRangoIntIntInt()" uniqueid="[engine:junit-jupiter]/[class:es.rf.tienda.util.ValidatorTest]/[method:testCumpleRangoIntIntInt()]"/>
    <testcase name="testValDateMax" classname="es.rf.tienda.util.ValidatorTest" time="0.0" displayname="testValDateMax()" uniqueid="[engine:junit-jupiter]/[class:es.rf.tienda.util.ValidatorTest]/[method:testValDateMax()]"/>
    <testcase name="testValDateMin" classname="es.rf.tienda.util.ValidatorTest" time="0.0" displayname="testValDateMin()" uniqueid="[engine:junit-jupiter]/[class:es.rf.tienda.util.ValidatorTest]/[method:testValDateMin()]"/>
    <testcase name="testCumpleDNI" classname="es.rf.tienda.util.ValidatorTest" time="0.005" displayname="testCumpleDNI()" uniqueid="[engine:junit-jupiter]/[class:es.rf.tienda.util.ValidatorTest]/[method:testCumpleDNI()]">
      <error>java.lang.NumberFormatException: For input string: "26.752.0"&#13;
	at java.base/java.lang.NumberFormatException.forInputString(NumberFormatException.java:67)&#13;
	at java.base/java.lang.Integer.parseInt(Integer.java:668)&#13;
	at java.base/java.lang.Integer.parseInt(Integer.java:786)&#13;
	at es.rf.tienda.util.Validator.cumpleDNI(Validator.java:141)&#13;
	at es.rf.tienda.util.ValidatorTest.testCumpleDNI(ValidatorTest.java:64)&#13;
	at java.base/jdk.internal.reflect.NativeMethodAccessorImpl.invoke0(Native Method)&#13;
	at java.base/jdk.internal.reflect.NativeMethodAccessorImpl.invoke(NativeMethodAccessorImpl.java:77)&#13;
	at java.base/jdk.internal.reflect.DelegatingMethodAccessorImpl.invoke(DelegatingMethodAccessorImpl.java:43)&#13;
	at java.base/java.lang.reflect.Method.invoke(Method.java:568)&#13;
	at org.junit.platform.commons.util.ReflectionUtils.invokeMethod(ReflectionUtils.java:727)&#13;
	at org.junit.jupiter.engine.execution.MethodInvocation.proceed(MethodInvocation.java:60)&#13;
	at org.junit.jupiter.engine.execution.InvocationInterceptorChain$ValidatingInvocation.proceed(InvocationInterceptorChain.java:131)&#13;
	at org.junit.jupiter.engine.extension.TimeoutExtension.intercept(TimeoutExtension.java:156)&#13;
	at org.junit.jupiter.engine.extension.TimeoutExtension.interceptTestableMethod(TimeoutExtension.java:147)&#13;
	at org.junit.jupiter.engine.extension.TimeoutExtension.interceptTestMethod(TimeoutExtension.java:86)&#13;
	at org.junit.jupiter.engine.execution.InterceptingExecutableInvoker$ReflectiveInterceptorCall.lambda$ofVoidMethod$0(InterceptingExecutableInvoker.java:103)&#13;
	at org.junit.jupiter.engine.execution.InterceptingExecutableInvoker.lambda$invoke$0(InterceptingExecutableInvoker.java:93)&#13;
	at org.junit.jupiter.engine.execution.InvocationInterceptorChain$InterceptedInvocation.proceed(InvocationInterceptorChain.java:106)&#13;
	at org.junit.jupiter.engine.execution.InvocationInterceptorChain.proceed(InvocationInterceptorChain.java:64)&#13;
	at org.junit.jupiter.engine.execution.InvocationInterceptorChain.chainAndInvoke(InvocationInterceptorChain.java:45)&#13;
	at org.junit.jupiter.engine.execution.InvocationInterceptorChain.invoke(InvocationInterceptorChain.java:37)&#13;
	at org.junit.jupiter.engine.execution.InterceptingExecutableInvoker.invoke(InterceptingExecutableInvoker.java:92)&#13;
	at org.junit.jupiter.engine.execution.InterceptingExecutableInvoker.invoke(InterceptingExecutableInvoker.java:86)&#13;
	at org.junit.jupiter.engine.descriptor.TestMethodTestDescriptor.lambda$invokeTestMethod$7(TestMethodTestDescriptor.java:217)&#13;
	at org.junit.platform.engine.support.hierarchical.ThrowableCollector.execute(ThrowableCollector.java:73)&#13;
	at org.junit.jupiter.engine.descriptor.TestMethodTestDescriptor.invokeTestMethod(TestMethodTestDescriptor.java:213)&#13;
	at org.junit.jupiter.engine.descriptor.TestMethodTestDescriptor.execute(TestMethodTestDescriptor.java:138)&#13;
	at org.junit.jupiter.engine.descriptor.TestMethodTestDescriptor.execute(TestMethodTestDescriptor.java:68)&#13;
	at org.junit.platform.engine.support.hierarchical.NodeTestTask.lambda$executeRecursively$6(NodeTestTask.java:151)&#13;
	at org.junit.platform.engine.support.hierarchical.ThrowableCollector.execute(ThrowableCollector.java:73)&#13;
	at org.junit.platform.engine.support.hierarchical.NodeTestTask.lambda$executeRecursively$8(NodeTestTask.java:141)&#13;
	at org.junit.platform.engine.support.hierarchical.Node.around(Node.java:137)&#13;
	at org.junit.platform.engine.support.hierarchical.NodeTestTask.lambda$executeRecursively$9(NodeTestTask.java:139)&#13;
	at org.junit.platform.engine.support.hierarchical.ThrowableCollector.execute(ThrowableCollector.java:73)&#13;
	at org.junit.platform.engine.support.hierarchical.NodeTestTask.executeRecursively(NodeTestTask.java:138)&#13;
	at org.junit.platform.engine.support.hierarchical.NodeTestTask.execute(NodeTestTask.java:95)&#13;
	at java.base/java.util.ArrayList.forEach(ArrayList.java:1511)&#13;
	at org.junit.platform.engine.support.hierarchical.SameThreadHierarchicalTestExecutorService.invokeAll(SameThreadHierarchicalTestExecutorService.java:41)&#13;
	at org.junit.platform.engine.support.hierarchical.NodeTestTask.lambda$executeRecursively$6(NodeTestTask.java:155)&#13;
	at org.junit.platform.engine.support.hierarchical.ThrowableCollector.execute(ThrowableCollector.java:73)&#13;
	at org.junit.platform.engine.support.hierarchical.NodeTestTask.lambda$executeRecursively$8(NodeTestTask.java:141)&#13;
	at org.junit.platform.engine.support.hierarchical.Node.around(Node.java:137)&#13;
	at org.junit.platform.engine.support.hierarchical.NodeTestTask.lambda$executeRecursively$9(NodeTestTask.java:139)&#13;
	at org.junit.platform.engine.support.hierarchical.ThrowableCollector.execute(ThrowableCollector.java:73)&#13;
	at org.junit.platform.engine.support.hierarchical.NodeTestTask.executeRecursively(NodeTestTask.java:138)&#13;
	at org.junit.platform.engine.support.hierarchical.NodeTestTask.execute(NodeTestTask.java:95)&#13;
	at java.base/java.util.ArrayList.forEach(ArrayList.java:1511)&#13;
	at org.junit.platform.engine.support.hierarchical.SameThreadHierarchicalTestExecutorService.invokeAll(SameThreadHierarchicalTestExecutorService.java:41)&#13;
	at org.junit.platform.engine.support.hierarchical.NodeTestTask.lambda$executeRecursively$6(NodeTestTask.java:155)&#13;
	at org.junit.platform.engine.support.hierarchical.ThrowableCollector.execute(ThrowableCollector.java:73)&#13;
	at org.junit.platform.engine.support.hierarchical.NodeTestTask.lambda$executeRecursively$8(NodeTestTask.java:141)&#13;
	at org.junit.platform.engine.support.hierarchical.Node.around(Node.java:137)&#13;
	at org.junit.platform.engine.support.hierarchical.NodeTestTask.lambda$executeRecursively$9(NodeTestTask.java:139)&#13;
	at org.junit.platform.engine.support.hierarchical.ThrowableCollector.execute(ThrowableCollector.java:73)&#13;
	at org.junit.platform.engine.support.hierarchical.NodeTestTask.executeRecursively(NodeTestTask.java:138)&#13;
	at org.junit.platform.engine.support.hierarchical.NodeTestTask.execute(NodeTestTask.java:95)&#13;
	at org.junit.platform.engine.support.hierarchical.SameThreadHierarchicalTestExecutorService.submit(SameThreadHierarchicalTestExecutorService.java:35)&#13;
	at org.junit.platform.engine.support.hierarchical.HierarchicalTestExecutor.execute(HierarchicalTestExecutor.java:57)&#13;
	at org.junit.platform.engine.support.hierarchical.HierarchicalTestEngine.execute(HierarchicalTestEngine.java:54)&#13;
	at org.junit.platform.launcher.core.EngineExecutionOrchestrator.execute(EngineExecutionOrchestrator.java:147)&#13;
	at org.junit.platform.launcher.core.EngineExecutionOrchestrator.execute(EngineExecutionOrchestrator.java:127)&#13;
	at org.junit.platform.launcher.core.EngineExecutionOrchestrator.execute(EngineExecutionOrchestrator.java:90)&#13;
	at org.junit.platform.launcher.core.EngineExecutionOrchestrator.lambda$execute$0(EngineExecutionOrchestrator.java:55)&#13;
	at org.junit.platform.launcher.core.EngineExecutionOrchestrator.withInterceptedStreams(EngineExecutionOrchestrator.java:102)&#13;
	at org.junit.platform.launcher.core.EngineExecutionOrchestrator.execute(EngineExecutionOrchestrator.java:54)&#13;
	at org.junit.platform.launcher.core.DefaultLauncher.execute(DefaultLauncher.java:114)&#13;
	at org.junit.platform.launcher.core.DefaultLauncher.execute(DefaultLauncher.java:95)&#13;
	at org.junit.platform.launcher.core.DefaultLauncherSession$DelegatingLauncher.execute(DefaultLauncherSession.java:91)&#13;
	at org.junit.platform.launcher.core.SessionPerRequestLauncher.execute(SessionPerRequestLauncher.java:60)&#13;
	at org.eclipse.jdt.internal.junit5.runner.JUnit5TestReference.run(JUnit5TestReference.java:98)&#13;
	at org.eclipse.jdt.internal.junit.runner.TestExecution.run(TestExecution.java:40)&#13;
	at org.eclipse.jdt.internal.junit.runner.RemoteTestRunner.runTests(RemoteTestRunner.java:529)&#13;
	at org.eclipse.jdt.internal.junit.runner.RemoteTestRunner.runTests(RemoteTestRunner.java:756)&#13;
	at org.eclipse.jdt.internal.junit.runner.RemoteTestRunner.run(RemoteTestRunner.java:452)&#13;
	at org.eclipse.jdt.internal.junit.runner.RemoteTestRunner.main(RemoteTestRunner.java:210)&#13;
&#13;
</error>
    </testcase>
    <testcase name="testIsVacio" classname="es.rf.tienda.util.ValidatorTest" time="0.001" displayname="testIsVacio()" uniqueid="[engine:junit-jupiter]/[class:es.rf.tienda.util.ValidatorTest]/[method:testIsVacio()]"/>
  </testsuite>
</testrun>
